build/app/intermediates/manifest_merge_blame_file/debug/manifest-merger-blame-debug-report.txt
1<?xml version="1.0" encoding="utf-8"?>
2<manifest xmlns:android="http://schemas.android.com/apk/res/android"
3    package="com.example.kfa_project"
4    android:versionCode="1"
5    android:versionName="1.0.0" >
6
7    <uses-sdk
8        android:minSdkVersion="20"
9        android:targetSdkVersion="31" />
10    <!--
11         The INTERNET permission is required for development. Specifically,
12         the Flutter tool needs it to communicate with the running application
13         to allow setting breakpoints, to provide hot reload, etc.
14    -->
15    <uses-permission android:name="android.permission.INTERNET" />
15-->src\main\AndroidManifest.xml:3:5-66
15-->src\main\AndroidManifest.xml:3:22-64
16    <uses-permission android:name="android.permission.CHANGE_NETWORK_STATE" />
16-->src\main\AndroidManifest.xml:4:5-78
16-->src\main\AndroidManifest.xml:4:22-76
17    <uses-permission android:name="android.permission.ACCESS_NETWORK_STATE" />
17-->src\main\AndroidManifest.xml:5:5-78
17-->src\main\AndroidManifest.xml:5:22-76
18    <uses-permission android:name="android.permission.ACCESS_FINE_LOCATION" />
18-->src\main\AndroidManifest.xml:6:5-78
18-->src\main\AndroidManifest.xml:6:22-76
19    <uses-permission android:name="android.permission.ACCESS_COARSE_LOCATION" />
19-->src\main\AndroidManifest.xml:7:5-80
19-->src\main\AndroidManifest.xml:7:22-78
20    <uses-permission android:name="android.permission.WRITE_EXTERNAL_STORAGE" />
20-->src\main\AndroidManifest.xml:8:5-80
20-->src\main\AndroidManifest.xml:8:22-78
21    <uses-permission android:name="android.permission.READ_EXTERNAL_STORAGE" />
21-->src\main\AndroidManifest.xml:9:5-79
21-->src\main\AndroidManifest.xml:9:22-77
22    <uses-permission android:name="android.permission.CAMERA" />
22-->src\main\AndroidManifest.xml:10:5-64
22-->src\main\AndroidManifest.xml:10:22-62
23    <uses-permission android:name="android.permission.WAKE_LOCK" />
23-->src\main\AndroidManifest.xml:11:5-67
23-->src\main\AndroidManifest.xml:11:22-65
24    <uses-permission android:name="android.permission.VIBRATE" />
24-->src\main\AndroidManifest.xml:12:5-65
24-->src\main\AndroidManifest.xml:12:22-63
25
26    <uses-feature
26-->src\main\AndroidManifest.xml:13:5-84
27        android:name="android.hardware.camera"
27-->src\main\AndroidManifest.xml:13:19-57
28        android:required="false" />
28-->src\main\AndroidManifest.xml:13:58-82
29    <uses-feature
29-->src\main\AndroidManifest.xml:14:5-90
30        android:name="android.hardware.camera.front"
30-->src\main\AndroidManifest.xml:14:19-63
31        android:required="false" />
31-->src\main\AndroidManifest.xml:14:64-88
32    <uses-feature
32-->src\main\AndroidManifest.xml:15:5-94
33        android:name="android.hardware.camera.autofocus"
33-->src\main\AndroidManifest.xml:15:19-67
34        android:required="false" />
34-->src\main\AndroidManifest.xml:15:68-92
35    <uses-feature
35-->src\main\AndroidManifest.xml:16:5-90
36        android:name="android.hardware.camera.flash"
36-->src\main\AndroidManifest.xml:16:19-63
37        android:required="false" />
37-->src\main\AndroidManifest.xml:16:64-88
38    <uses-feature
38-->src\main\AndroidManifest.xml:17:5-94
39        android:name="android.hardware.screen.landscape"
39-->src\main\AndroidManifest.xml:17:19-67
40        android:required="false" />
40-->src\main\AndroidManifest.xml:17:68-92
41    <uses-feature
41-->src\main\AndroidManifest.xml:18:5-82
42        android:name="android.hardware.wifi"
42-->src\main\AndroidManifest.xml:18:19-55
43        android:required="false" />
43-->src\main\AndroidManifest.xml:18:56-80
44
45    <uses-permission android:name="android.permission.FOREGROUND_SERVICE" />
45-->[:geolocator_android] AndroidManifest.xml:9:5-77
45-->[:geolocator_android] AndroidManifest.xml:9:22-74
46
47    <queries>
47-->[:file_picker] AndroidManifest.xml:11:5-17:15
48        <intent>
48-->[:file_picker] AndroidManifest.xml:12:9-16:18
49            <action android:name="android.intent.action.GET_CONTENT" />
49-->[:file_picker] AndroidManifest.xml:13:13-72
49-->[:file_picker] AndroidManifest.xml:13:21-69
50
51            <data android:mimeType="*/*" />
51-->[:file_picker] AndroidManifest.xml:15:13-44
51-->[:file_picker] AndroidManifest.xml:15:19-41
52        </intent>
53        <intent>
53-->[:flutter_inappwebview] AndroidManifest.xml:10:9-12:18
54            <action android:name="android.support.customtabs.action.CustomTabsService" />
54-->[:flutter_inappwebview] AndroidManifest.xml:11:13-90
54-->[:flutter_inappwebview] AndroidManifest.xml:11:21-87
55        </intent> <!-- Needs to be explicitly declared on Android R+ -->
56        <package android:name="com.google.android.apps.maps" />
56-->[com.google.android.gms:play-services-maps:18.1.0] AndroidManifest.xml:33:9-64
56-->[com.google.android.gms:play-services-maps:18.1.0] AndroidManifest.xml:33:18-61
57    </queries>
58
59    <uses-permission android:name="android.permission.REQUEST_INSTALL_PACKAGES" />
59-->[:open_file] AndroidManifest.xml:10:5-83
59-->[:open_file] AndroidManifest.xml:10:22-80
60
61    <uses-feature
61-->[com.google.android.gms:play-services-maps:18.1.0] AndroidManifest.xml:26:5-28:35
62        android:glEsVersion="0x00020000"
62-->[com.google.android.gms:play-services-maps:18.1.0] AndroidManifest.xml:27:9-41
63        android:required="true" />
63-->[com.google.android.gms:play-services-maps:18.1.0] AndroidManifest.xml:28:9-32
64
65    <application
66        android:name="android.app.Application"
67        android:appComponentFactory="androidx.core.app.CoreComponentFactory"
67-->[androidx.core:core:1.8.0] AndroidManifest.xml:24:18-86
68        android:debuggable="true"
69        android:icon="@mipmap/ic_launcher"
70        android:label="admin" >
71        <activity
72            android:name="com.example.admin.MainActivity"
73            android:configChanges="orientation|keyboardHidden|keyboard|screenSize|smallestScreenSize|locale|layoutDirection|fontScale|screenLayout|density|uiMode"
74            android:exported="true"
75            android:hardwareAccelerated="true"
76            android:launchMode="singleTop"
77            android:theme="@style/LaunchTheme"
78            android:windowSoftInputMode="adjustResize" >
79
80            <!--
81                 Specifies an Android theme to apply to this Activity as soon as
82                 the Android process has started. This theme is visible to the user
83                 while the Flutter UI initializes. After that, this theme continues
84                 to determine the Window background behind the Flutter UI.
85            -->
86            <meta-data
87                android:name="io.flutter.embedding.android.NormalTheme"
88                android:resource="@style/NormalTheme" />
89
90            <intent-filter>
91                <action android:name="android.intent.action.MAIN" />
92
93                <category android:name="android.intent.category.LAUNCHER" />
94            </intent-filter>
95        </activity>
96        <activity
97            android:name="com.yalantis.ucrop.UCropActivity"
98            android:screenOrientation="portrait"
99            android:theme="@style/Theme.AppCompat.Light.NoActionBar" />
100
101        <meta-data
102            android:name="com.google.android.geo.API_KEY"
103            android:value="AIzaSyCeogkN2j3bqrqyIuv4GD4bT1n_4lpNlnY" />
104
105        <uses-library
106            android:name="org.apache.http.legacy"
107            android:required="false" />
108        <!--
109             Don't delete the meta-data below.
110             This is used by the Flutter tool to generate GeneratedPluginRegistrant.java
111        -->
112        <meta-data
113            android:name="flutterEmbedding"
114            android:value="2" />
115
116        <service
116-->[:geolocator_android] AndroidManifest.xml:12:9-16:56
117            android:name="com.baseflow.geolocator.GeolocatorLocationService"
117-->[:geolocator_android] AndroidManifest.xml:13:13-77
118            android:enabled="true"
118-->[:geolocator_android] AndroidManifest.xml:14:13-35
119            android:exported="false"
119-->[:geolocator_android] AndroidManifest.xml:15:13-37
120            android:foregroundServiceType="location" />
120-->[:geolocator_android] AndroidManifest.xml:16:13-53
121
122        <provider
122-->[:image_picker_android] AndroidManifest.xml:10:9-18:20
123            android:name="io.flutter.plugins.imagepicker.ImagePickerFileProvider"
123-->[:image_picker_android] AndroidManifest.xml:11:13-82
124            android:authorities="com.example.kfa_project.flutter.image_provider"
124-->[:image_picker_android] AndroidManifest.xml:12:13-74
125            android:exported="false"
125-->[:image_picker_android] AndroidManifest.xml:13:13-37
126            android:grantUriPermissions="true" >
126-->[:image_picker_android] AndroidManifest.xml:14:13-47
127            <meta-data
127-->[:image_picker_android] AndroidManifest.xml:15:13-17:75
128                android:name="android.support.FILE_PROVIDER_PATHS"
128-->[:image_picker_android] AndroidManifest.xml:16:17-67
129                android:resource="@xml/flutter_image_picker_file_paths" />
129-->[:image_picker_android] AndroidManifest.xml:17:17-72
130        </provider>
131
132        <activity
132-->[:url_launcher_android] AndroidManifest.xml:10:9-13:74
133            android:name="io.flutter.plugins.urllauncher.WebViewActivity"
133-->[:url_launcher_android] AndroidManifest.xml:11:13-74
134            android:exported="false"
134-->[:url_launcher_android] AndroidManifest.xml:12:13-37
135            android:theme="@android:style/Theme.NoTitleBar.Fullscreen" />
135-->[:url_launcher_android] AndroidManifest.xml:13:13-71
136
137        <provider
137-->[:printing] AndroidManifest.xml:10:9-18:20
138            android:name="net.nfet.flutter.printing.PrintFileProvider"
138-->[:printing] AndroidManifest.xml:11:13-71
139            android:authorities="com.example.kfa_project.flutter.printing"
139-->[:printing] AndroidManifest.xml:12:13-68
140            android:exported="false"
140-->[:printing] AndroidManifest.xml:13:13-37
141            android:grantUriPermissions="true" >
141-->[:printing] AndroidManifest.xml:14:13-47
142            <meta-data
142-->[:image_picker_android] AndroidManifest.xml:15:13-17:75
143                android:name="android.support.FILE_PROVIDER_PATHS"
143-->[:image_picker_android] AndroidManifest.xml:16:17-67
144                android:resource="@xml/flutter_printing_file_paths" />
144-->[:image_picker_android] AndroidManifest.xml:17:17-72
145        </provider>
146
147        <activity
147-->[:flutter_inappwebview] AndroidManifest.xml:16:9-20:47
148            android:name="com.pichillilorenzo.flutter_inappwebview.in_app_browser.InAppBrowserActivity"
148-->[:flutter_inappwebview] AndroidManifest.xml:17:13-104
149            android:configChanges="orientation|keyboardHidden|keyboard|screenSize|locale|layoutDirection|fontScale|screenLayout|density"
149-->[:flutter_inappwebview] AndroidManifest.xml:18:13-137
150            android:exported="false"
150-->[:flutter_inappwebview] AndroidManifest.xml:19:13-37
151            android:theme="@style/AppTheme" />
151-->[:flutter_inappwebview] AndroidManifest.xml:20:13-44
152        <activity
152-->[:flutter_inappwebview] AndroidManifest.xml:21:9-24:55
153            android:name="com.pichillilorenzo.flutter_inappwebview.chrome_custom_tabs.ChromeCustomTabsActivity"
153-->[:flutter_inappwebview] AndroidManifest.xml:22:13-112
154            android:exported="false"
154-->[:flutter_inappwebview] AndroidManifest.xml:23:13-37
155            android:theme="@style/ThemeTransparent" />
155-->[:flutter_inappwebview] AndroidManifest.xml:24:13-52
156        <activity
156-->[:flutter_inappwebview] AndroidManifest.xml:25:9-28:55
157            android:name="com.pichillilorenzo.flutter_inappwebview.chrome_custom_tabs.TrustedWebActivity"
157-->[:flutter_inappwebview] AndroidManifest.xml:26:13-106
158            android:exported="false"
158-->[:flutter_inappwebview] AndroidManifest.xml:27:13-37
159            android:theme="@style/ThemeTransparent" />
159-->[:flutter_inappwebview] AndroidManifest.xml:28:13-52
160        <activity
160-->[:flutter_inappwebview] AndroidManifest.xml:29:9-33:55
161            android:name="com.pichillilorenzo.flutter_inappwebview.chrome_custom_tabs.ChromeCustomTabsActivitySingleInstance"
161-->[:flutter_inappwebview] AndroidManifest.xml:30:13-126
162            android:exported="false"
162-->[:flutter_inappwebview] AndroidManifest.xml:31:13-37
163            android:launchMode="singleInstance"
163-->[:flutter_inappwebview] AndroidManifest.xml:32:13-48
164            android:theme="@style/ThemeTransparent" />
164-->[:flutter_inappwebview] AndroidManifest.xml:33:13-52
165        <activity
165-->[:flutter_inappwebview] AndroidManifest.xml:34:9-38:55
166            android:name="com.pichillilorenzo.flutter_inappwebview.chrome_custom_tabs.TrustedWebActivitySingleInstance"
166-->[:flutter_inappwebview] AndroidManifest.xml:35:13-120
167            android:exported="false"
167-->[:flutter_inappwebview] AndroidManifest.xml:36:13-37
168            android:launchMode="singleInstance"
168-->[:flutter_inappwebview] AndroidManifest.xml:37:13-48
169            android:theme="@style/ThemeTransparent" />
169-->[:flutter_inappwebview] AndroidManifest.xml:38:13-52
170
171        <receiver
171-->[:flutter_inappwebview] AndroidManifest.xml:40:9-43:40
172            android:name="com.pichillilorenzo.flutter_inappwebview.chrome_custom_tabs.ActionBroadcastReceiver"
172-->[:flutter_inappwebview] AndroidManifest.xml:41:13-111
173            android:enabled="true"
173-->[:flutter_inappwebview] AndroidManifest.xml:42:13-35
174            android:exported="false" />
174-->[:flutter_inappwebview] AndroidManifest.xml:43:13-37
175
176        <meta-data
176-->[:flutter_inappwebview] AndroidManifest.xml:45:9-47:36
177            android:name="io.flutter.embedded_views_preview"
177-->[:flutter_inappwebview] AndroidManifest.xml:46:13-61
178            android:value="true" />
178-->[:flutter_inappwebview] AndroidManifest.xml:47:13-33
179
180        <provider
180-->[:open_file] AndroidManifest.xml:14:9-23:20
181            android:name="com.crazecoder.openfile.FileProvider"
181-->[:open_file] AndroidManifest.xml:15:13-64
182            android:authorities="com.example.kfa_project.fileProvider.com.crazecoder.openfile"
182-->[:open_file] AndroidManifest.xml:16:13-88
183            android:exported="false"
183-->[:open_file] AndroidManifest.xml:17:13-37
184            android:grantUriPermissions="true" >
184-->[:open_file] AndroidManifest.xml:18:13-47
185            <meta-data
185-->[:image_picker_android] AndroidManifest.xml:15:13-17:75
186                android:name="android.support.FILE_PROVIDER_PATHS"
186-->[:image_picker_android] AndroidManifest.xml:16:17-67
187                android:resource="@xml/filepaths" />
187-->[:image_picker_android] AndroidManifest.xml:17:17-72
188        </provider>
189        <provider
189-->[:share] AndroidManifest.xml:10:9-18:20
190            android:name="io.flutter.plugins.share.ShareFileProvider"
190-->[:share] AndroidManifest.xml:11:13-70
191            android:authorities="com.example.kfa_project.flutter.share_provider"
191-->[:share] AndroidManifest.xml:12:13-74
192            android:exported="false"
192-->[:share] AndroidManifest.xml:13:13-37
193            android:grantUriPermissions="true" >
193-->[:share] AndroidManifest.xml:14:13-47
194            <meta-data
194-->[:image_picker_android] AndroidManifest.xml:15:13-17:75
195                android:name="android.support.FILE_PROVIDER_PATHS"
195-->[:image_picker_android] AndroidManifest.xml:16:17-67
196                android:resource="@xml/flutter_share_file_paths" />
196-->[:image_picker_android] AndroidManifest.xml:17:17-72
197        </provider>
198
199        <uses-library
199-->[androidx.window:window:1.0.0-beta04] AndroidManifest.xml:25:9-27:40
200            android:name="androidx.window.extensions"
200-->[androidx.window:window:1.0.0-beta04] AndroidManifest.xml:26:13-54
201            android:required="false" />
201-->[androidx.window:window:1.0.0-beta04] AndroidManifest.xml:27:13-37
202        <uses-library
202-->[androidx.window:window:1.0.0-beta04] AndroidManifest.xml:28:9-30:40
203            android:name="androidx.window.sidecar"
203-->[androidx.window:window:1.0.0-beta04] AndroidManifest.xml:29:13-51
204            android:required="false" />
204-->[androidx.window:window:1.0.0-beta04] AndroidManifest.xml:30:13-37
205
206        <activity
206-->[com.google.android.gms:play-services-base:18.0.1] AndroidManifest.xml:20:9-22:45
207            android:name="com.google.android.gms.common.api.GoogleApiActivity"
207-->[com.google.android.gms:play-services-base:18.0.1] AndroidManifest.xml:20:19-85
208            android:exported="false"
208-->[com.google.android.gms:play-services-base:18.0.1] AndroidManifest.xml:22:19-43
209            android:theme="@android:style/Theme.Translucent.NoTitleBar" />
209-->[com.google.android.gms:play-services-base:18.0.1] AndroidManifest.xml:21:19-78
210
211        <meta-data
211-->[com.google.android.gms:play-services-basement:18.0.0] AndroidManifest.xml:21:9-23:69
212            android:name="com.google.android.gms.version"
212-->[com.google.android.gms:play-services-basement:18.0.0] AndroidManifest.xml:22:13-58
213            android:value="@integer/google_play_services_version" />
213-->[com.google.android.gms:play-services-basement:18.0.0] AndroidManifest.xml:23:13-66
214
215        <provider
215-->[androidx.emoji2:emoji2:1.2.0] AndroidManifest.xml:24:9-32:20
216            android:name="androidx.startup.InitializationProvider"
216-->[androidx.emoji2:emoji2:1.2.0] AndroidManifest.xml:25:13-67
217            android:authorities="com.example.kfa_project.androidx-startup"
217-->[androidx.emoji2:emoji2:1.2.0] AndroidManifest.xml:26:13-68
218            android:exported="false" >
218-->[androidx.emoji2:emoji2:1.2.0] AndroidManifest.xml:27:13-37
219            <meta-data
219-->[androidx.emoji2:emoji2:1.2.0] AndroidManifest.xml:29:13-31:52
220                android:name="androidx.emoji2.text.EmojiCompatInitializer"
220-->[androidx.emoji2:emoji2:1.2.0] AndroidManifest.xml:30:17-75
221                android:value="androidx.startup" />
221-->[androidx.emoji2:emoji2:1.2.0] AndroidManifest.xml:31:17-49
222            <meta-data
222-->[androidx.lifecycle:lifecycle-process:2.4.1] AndroidManifest.xml:31:13-33:52
223                android:name="androidx.lifecycle.ProcessLifecycleInitializer"
223-->[androidx.lifecycle:lifecycle-process:2.4.1] AndroidManifest.xml:32:17-78
224                android:value="androidx.startup" />
224-->[androidx.lifecycle:lifecycle-process:2.4.1] AndroidManifest.xml:33:17-49
225        </provider>
226    </application>
227
228</manifest>